<?xml version="1.0" encoding="UTF-8"?>
<!-- Generated by org.testng.reporters.JUnitReportReporter -->
<testsuite hostname="QT-INNO-LT1439" failures="0" tests="3" name="Tests.testNG" time="20.002" errors="0" timestamp="2022-02-14T09:05:43 IST" skipped="0">
  <testcase classname="Tests.testNG" name="youtubeSearchTest" time="10.517"/>
  <system-out/>
  <testcase classname="Tests.testNG" name="captureScreenShot" time="5.562"/>
  <system-out/>
  <testcase classname="Tests.testNG" name="googleSearchTest" time="3.923"/>
  <system-out/>
</testsuite> <!-- Tests.testNG -->
